<?xml version="1.0" encoding="UTF-8"?>
<testng-results ignored="0" total="1" passed="1" failed="0" skipped="0">
  <reporter-output>
    <line>
      <![CDATA["GENERAL KNOWLEDGE QUIZ 1"]]>
    </line>
    <line>
      <![CDATA[]]>
    </line>
    <line>
      <![CDATA[]]>
    </line>
    <line>
      <![CDATA[]]>
    </line>
    <line>
      <![CDATA[]]>
    </line>
    <line>
      <![CDATA[]]>
    </line>
  </reporter-output>
  <suite started-at="2021-02-07T15:00:58Z" name="Default suite" finished-at="2021-02-07T15:04:15Z" duration-ms="197147">
    <groups>
    </groups>
    <test started-at="2021-02-07T15:00:58Z" name="Default test" finished-at="2021-02-07T15:04:15Z" duration-ms="197147">
      <class name="quiz.Scripts.Testing">
        <test-method is-config="true" signature="OpenBrowser()[pri:0, instance:quiz.Scripts.Testing@15bb5034]" started-at="2021-02-07T15:00:58Z" name="OpenBrowser" finished-at="2021-02-07T15:01:00Z" duration-ms="1505" status="PASS">
          <reporter-output>
          </reporter-output>
        </test-method> <!-- OpenBrowser -->
        <test-method is-config="true" signature="LoginToApp()[pri:0, instance:quiz.Scripts.Testing@15bb5034]" started-at="2021-02-07T15:01:00Z" name="LoginToApp" finished-at="2021-02-07T15:01:00Z" duration-ms="0" status="PASS">
          <reporter-output>
          </reporter-output>
        </test-method> <!-- LoginToApp -->
        <test-method signature="Scripting()[pri:0, instance:quiz.Scripts.Testing@15bb5034]" started-at="2021-02-07T15:01:00Z" name="Scripting" finished-at="2021-02-07T15:04:15Z" duration-ms="194992" status="PASS">
          <reporter-output>
            <line>
              <![CDATA["GENERAL KNOWLEDGE QUIZ 1"]]>
            </line>
            <line>
              <![CDATA[]]>
            </line>
            <line>
              <![CDATA[]]>
            </line>
            <line>
              <![CDATA[]]>
            </line>
            <line>
              <![CDATA[]]>
            </line>
            <line>
              <![CDATA[]]>
            </line>
          </reporter-output>
        </test-method> <!-- Scripting -->
        <test-method is-config="true" signature="LogoutFromApp()[pri:0, instance:quiz.Scripts.Testing@15bb5034]" started-at="2021-02-07T15:04:15Z" name="LogoutFromApp" finished-at="2021-02-07T15:04:15Z" duration-ms="0" status="PASS">
          <reporter-output>
          </reporter-output>
        </test-method> <!-- LogoutFromApp -->
        <test-method is-config="true" signature="CloseBrowser()[pri:0, instance:quiz.Scripts.Testing@15bb5034]" started-at="2021-02-07T15:04:15Z" name="CloseBrowser" finished-at="2021-02-07T15:04:15Z" duration-ms="630" status="PASS">
          <reporter-output>
          </reporter-output>
        </test-method> <!-- CloseBrowser -->
      </class> <!-- quiz.Scripts.Testing -->
    </test> <!-- Default test -->
  </suite> <!-- Default suite -->
</testng-results>
